<?xml version="1.0" encoding="UTF-8"?>
<?xml-stylesheet type="text/xsl" href="ivy-report.xsl"?>
<ivy-report version="1.0">
	<info
		organisation="uk.gov.dfid.common"
		module="common_2.10"
		revision="0.1-SNAPSHOT"
		conf="test-internal"
		confs="compile, runtime, test, provided, optional, compile-internal, runtime-internal, test-internal, plugin, sources, docs, pom"
		date="20130219111738"/>
	<dependencies>
		<module organisation="org.mockito" name="mockito-all">
			<revision name="1.9.5" status="release" pubdate="20121014111023" resolver="public" artresolver="public" homepage="http://www.mockito.org" downloaded="false" searched="false" default="false" conf="default(compile), default, compile, runtime, master" position="23">
				<license name="The MIT License" url="http://code.google.com/p/mockito/wiki/License"/>
				<metadata-artifact status="no" details="" size="2352" time="0" location="/Users/james/utils/pvm/install/2.1.0/framework/../repository/cache/org.mockito/mockito-all/ivy-1.9.5.xml" searched="false" origin-is-local="false" origin-location="http://repo1.maven.org/maven2/org/mockito/mockito-all/1.9.5/mockito-all-1.9.5.pom"/>
				<caller organisation="uk.gov.dfid.common" name="common_2.10" conf="test-internal, test, optional, compile, provided, runtime" rev="1.9.5" rev-constraint-default="1.9.5" rev-constraint-dynamic="1.9.5" callerrev="0.1-SNAPSHOT"/>
				<artifacts>
					<artifact name="mockito-all" type="jar" ext="jar" status="no" details="" size="1581066" time="0" location="/Users/james/utils/pvm/install/2.1.0/framework/../repository/cache/org.mockito/mockito-all/jars/mockito-all-1.9.5.jar">
						<origin-location is-local="false" location="http://repo1.maven.org/maven2/org/mockito/mockito-all/1.9.5/mockito-all-1.9.5.jar"/>
					</artifact>
				</artifacts>
			</revision>
		</module>
		<module organisation="com.tzavellas" name="sse-guice">
			<revision name="0.7.0" status="release" pubdate="20121216191404" resolver="public" artresolver="public" homepage="" downloaded="false" searched="false" default="false" conf="default(compile), default, compile, runtime, master" position="13">
				<license name="The Apache Software License, Version 2.0" url="http://www.apache.org/licenses/LICENSE-2.0.txt"/>
				<metadata-artifact status="no" details="" size="3471" time="0" location="/Users/james/utils/pvm/install/2.1.0/framework/../repository/cache/com.tzavellas/sse-guice/ivy-0.7.0.xml" searched="false" origin-is-local="false" origin-location="http://repo1.maven.org/maven2/com/tzavellas/sse-guice/0.7.0/sse-guice-0.7.0.pom"/>
				<caller organisation="uk.gov.dfid.common" name="common_2.10" conf="test-internal, test, optional, compile, provided, runtime" rev="0.7.0" rev-constraint-default="0.7.0" rev-constraint-dynamic="0.7.0" callerrev="0.1-SNAPSHOT"/>
				<artifacts>
					<artifact name="sse-guice" type="jar" ext="jar" status="no" details="" size="18299" time="0" location="/Users/james/utils/pvm/install/2.1.0/framework/../repository/cache/com.tzavellas/sse-guice/jars/sse-guice-0.7.0.jar">
						<origin-location is-local="false" location="http://repo1.maven.org/maven2/com/tzavellas/sse-guice/0.7.0/sse-guice-0.7.0.jar"/>
					</artifact>
				</artifacts>
			</revision>
		</module>
		<module organisation="com.google.inject" name="guice">
			<revision name="3.0" status="release" pubdate="20110325181947" resolver="public" artresolver="public" homepage="" downloaded="false" searched="false" default="false" conf="compile, master(*), runtime, compile(*), runtime(*), master" position="14">
				<metadata-artifact status="no" details="" size="3949" time="0" location="/Users/james/utils/pvm/install/2.1.0/framework/../repository/cache/com.google.inject/guice/ivy-3.0.xml" searched="false" origin-is-local="false" origin-location="http://repo1.maven.org/maven2/com/google/inject/guice/3.0/guice-3.0.pom"/>
				<caller organisation="com.tzavellas" name="sse-guice" conf="default, compile, runtime, master" rev="3.0" rev-constraint-default="3.0" rev-constraint-dynamic="3.0" callerrev="0.7.0"/>
				<artifacts>
					<artifact name="guice" type="jar" ext="jar" status="no" details="" size="710492" time="0" location="/Users/james/utils/pvm/install/2.1.0/framework/../repository/cache/com.google.inject/guice/jars/guice-3.0.jar">
						<origin-location is-local="false" location="http://repo1.maven.org/maven2/com/google/inject/guice/3.0/guice-3.0.jar"/>
					</artifact>
				</artifacts>
			</revision>
		</module>
		<module organisation="org.sonatype.sisu.inject" name="cglib">
			<revision name="2.2.1-v20090111" status="release" pubdate="20110104131244" resolver="public" artresolver="public" homepage="http://sourceforge.net/projects/cglib/" downloaded="false" searched="false" default="false" conf="compile, master(*), runtime, compile(*), runtime(*), master" position="17">
				<license name="The Apache Software License, Version 2.0" url="http://www.apache.org/licenses/LICENSE-2.0.txt"/>
				<metadata-artifact status="no" details="" size="3770" time="0" location="/Users/james/utils/pvm/install/2.1.0/framework/../repository/cache/org.sonatype.sisu.inject/cglib/ivy-2.2.1-v20090111.xml" searched="false" origin-is-local="false" origin-location="http://repo1.maven.org/maven2/org/sonatype/sisu/inject/cglib/2.2.1-v20090111/cglib-2.2.1-v20090111.pom"/>
				<caller organisation="com.google.inject" name="guice" conf="compile, runtime" rev="2.2.1-v20090111" rev-constraint-default="2.2.1-v20090111" rev-constraint-dynamic="2.2.1-v20090111" callerrev="3.0"/>
				<artifacts>
					<artifact name="cglib" type="jar" ext="jar" status="no" details="" size="278864" time="0" location="/Users/james/utils/pvm/install/2.1.0/framework/../repository/cache/org.sonatype.sisu.inject/cglib/jars/cglib-2.2.1-v20090111.jar">
						<origin-location is-local="false" location="http://repo1.maven.org/maven2/org/sonatype/sisu/inject/cglib/2.2.1-v20090111/cglib-2.2.1-v20090111.jar"/>
					</artifact>
				</artifacts>
			</revision>
		</module>
		<module organisation="asm" name="asm">
			<revision name="3.1" status="release" pubdate="20130205154002" resolver="sbt-chain" artresolver="sbt-chain" homepage="" downloaded="false" searched="false" default="false" conf="compile, master(*), runtime, compile(*), runtime(*), master" position="18">
				<metadata-artifact status="no" details="" size="2800" time="0" location="/Users/james/utils/pvm/install/2.1.0/framework/../repository/cache/asm/asm/ivy-3.1.xml" searched="false" origin-is-local="false" origin-location="http://repo.typesafe.com/typesafe/releases/asm/asm/3.1/asm-3.1.pom"/>
				<caller organisation="org.sonatype.sisu.inject" name="cglib" conf="compile, runtime" rev="3.1" rev-constraint-default="3.1" rev-constraint-dynamic="3.1" callerrev="2.2.1-v20090111"/>
				<artifacts>
					<artifact name="asm" type="jar" ext="jar" status="no" details="" size="43033" time="0" location="/Users/james/utils/pvm/install/2.1.0/framework/../repository/cache/asm/asm/jars/asm-3.1.jar">
						<origin-location is-local="false" location="http://repo.typesafe.com/typesafe/releases/asm/asm/3.1/asm-3.1.jar"/>
					</artifact>
				</artifacts>
			</revision>
		</module>
		<module organisation="aopalliance" name="aopalliance">
			<revision name="1.0" status="release" pubdate="20130205153430" resolver="sbt-chain" artresolver="sbt-chain" homepage="http://aopalliance.sourceforge.net" downloaded="false" searched="false" default="false" conf="compile, master(*), runtime, compile(*), runtime(*), master" position="16">
				<license name="Public Domain"/>
				<metadata-artifact status="no" details="" size="2291" time="0" location="/Users/james/utils/pvm/install/2.1.0/framework/../repository/cache/aopalliance/aopalliance/ivy-1.0.xml" searched="false" origin-is-local="false" origin-location="http://repo.typesafe.com/typesafe/releases/aopalliance/aopalliance/1.0/aopalliance-1.0.pom"/>
				<caller organisation="com.google.inject" name="guice" conf="compile, runtime" rev="1.0" rev-constraint-default="1.0" rev-constraint-dynamic="1.0" callerrev="3.0"/>
				<artifacts>
					<artifact name="aopalliance" type="jar" ext="jar" status="no" details="" size="4467" time="0" location="/Users/james/utils/pvm/install/2.1.0/framework/../repository/cache/aopalliance/aopalliance/jars/aopalliance-1.0.jar">
						<origin-location is-local="false" location="http://repo.typesafe.com/typesafe/releases/aopalliance/aopalliance/1.0/aopalliance-1.0.jar"/>
					</artifact>
				</artifacts>
			</revision>
		</module>
		<module organisation="javax.inject" name="javax.inject">
			<revision name="1" status="release" pubdate="20091014003500" resolver="public" artresolver="public" homepage="http://code.google.com/p/atinject/" downloaded="false" searched="false" default="false" conf="compile, master(*), runtime, compile(*), runtime(*), master" position="15">
				<license name="The Apache Software License, Version 2.0" url="http://www.apache.org/licenses/LICENSE-2.0.txt"/>
				<metadata-artifact status="no" details="" size="2380" time="0" location="/Users/james/utils/pvm/install/2.1.0/framework/../repository/cache/javax.inject/javax.inject/ivy-1.xml" searched="false" origin-is-local="false" origin-location="http://repo1.maven.org/maven2/javax/inject/javax.inject/1/javax.inject-1.pom"/>
				<caller organisation="com.google.inject" name="guice" conf="compile, runtime" rev="1" rev-constraint-default="1" rev-constraint-dynamic="1" callerrev="3.0"/>
				<artifacts>
					<artifact name="javax.inject" type="jar" ext="jar" status="no" details="" size="2497" time="0" location="/Users/james/utils/pvm/install/2.1.0/framework/../repository/cache/javax.inject/javax.inject/jars/javax.inject-1.jar">
						<origin-location is-local="false" location="http://repo1.maven.org/maven2/javax/inject/javax.inject/1/javax.inject-1.jar"/>
					</artifact>
				</artifacts>
			</revision>
		</module>
		<module organisation="org.reactivemongo" name="reactivemongo_2.10">
			<revision name="0.8" status="release" pubdate="20130116132514" resolver="public" artresolver="public" homepage="http://reactivemongo.org" downloaded="false" searched="false" default="false" conf="default(compile), default, compile, runtime, master" position="2">
				<license name="Apache 2.0" url="http://www.apache.org/licenses/LICENSE-2.0"/>
				<metadata-artifact status="no" details="" size="3426" time="0" location="/Users/james/utils/pvm/install/2.1.0/framework/../repository/cache/org.reactivemongo/reactivemongo_2.10/ivy-0.8.xml" searched="false" origin-is-local="false" origin-location="http://repo1.maven.org/maven2/org/reactivemongo/reactivemongo_2.10/0.8/reactivemongo_2.10-0.8.pom"/>
				<caller organisation="uk.gov.dfid.common" name="common_2.10" conf="test-internal, test, optional, compile, provided, runtime" rev="0.8" rev-constraint-default="0.8" rev-constraint-dynamic="0.8" callerrev="0.1-SNAPSHOT"/>
				<artifacts>
					<artifact name="reactivemongo_2.10" type="jar" ext="jar" status="no" details="" size="1108954" time="0" location="/Users/james/utils/pvm/install/2.1.0/framework/../repository/cache/org.reactivemongo/reactivemongo_2.10/jars/reactivemongo_2.10-0.8.jar">
						<origin-location is-local="false" location="http://repo1.maven.org/maven2/org/reactivemongo/reactivemongo_2.10/0.8/reactivemongo_2.10-0.8.jar"/>
					</artifact>
				</artifacts>
			</revision>
		</module>
		<module organisation="ch.qos.logback" name="logback-classic">
			<revision name="1.0.9" status="release" pubdate="20121204231516" resolver="public" artresolver="public" homepage="http://logback.qos.ch" downloaded="false" searched="false" default="false" conf="compile, master(*), runtime, compile(*), runtime(*), master" position="11">
				<license name="Eclipse Public License - v 1.0" url="http://www.eclipse.org/legal/epl-v10.html"/>
				<license name="GNU Lesser General Public License" url="http://www.gnu.org/licenses/old-licenses/lgpl-2.1.html"/>
				<metadata-artifact status="no" details="" size="10211" time="0" location="/Users/james/utils/pvm/install/2.1.0/framework/../repository/cache/ch.qos.logback/logback-classic/ivy-1.0.9.xml" searched="false" origin-is-local="false" origin-location="http://repo1.maven.org/maven2/ch/qos/logback/logback-classic/1.0.9/logback-classic-1.0.9.pom"/>
				<caller organisation="org.reactivemongo" name="reactivemongo_2.10" conf="default, compile, runtime, master" rev="1.0.9" rev-constraint-default="1.0.9" rev-constraint-dynamic="1.0.9" callerrev="0.8"/>
				<artifacts>
					<artifact name="logback-classic" type="jar" ext="jar" status="no" details="" size="252684" time="0" location="/Users/james/utils/pvm/install/2.1.0/framework/../repository/cache/ch.qos.logback/logback-classic/jars/logback-classic-1.0.9.jar">
						<origin-location is-local="false" location="http://repo1.maven.org/maven2/ch/qos/logback/logback-classic/1.0.9/logback-classic-1.0.9.jar"/>
					</artifact>
				</artifacts>
			</revision>
		</module>
		<module organisation="org.slf4j" name="slf4j-api">
			<revision name="1.7.2" status="release" pubdate="20121011075524" resolver="local" artresolver="local" homepage="http://www.slf4j.org" downloaded="false" searched="false" default="false" conf="compile, master(*), runtime, compile(*), runtime(*), master" position="12">
				<metadata-artifact status="no" details="" size="4459" time="0" location="/Users/james/utils/pvm/install/2.1.0/framework/../repository/cache/org.slf4j/slf4j-api/ivy-1.7.2.xml" searched="false" origin-is-local="true" origin-location="/Users/james/utils/pvm/install/2.1.0/repository/local/org.slf4j/slf4j-api/1.7.2/ivys/ivy.xml"/>
				<caller organisation="ch.qos.logback" name="logback-classic" conf="compile, runtime" rev="1.7.2" rev-constraint-default="1.7.2" rev-constraint-dynamic="1.7.2" callerrev="1.0.9"/>
				<artifacts>
					<artifact name="slf4j-api" type="jar" ext="jar" status="no" details="" size="26083" time="0" location="/Users/james/utils/pvm/install/2.1.0/repository/local/org.slf4j/slf4j-api/1.7.2/jars/slf4j-api.jar">
						<origin-location is-local="true" location="/Users/james/utils/pvm/install/2.1.0/repository/local/org.slf4j/slf4j-api/1.7.2/jars/slf4j-api.jar"/>
					</artifact>
				</artifacts>
			</revision>
		</module>
		<module organisation="ch.qos.logback" name="logback-core">
			<revision name="1.0.9" status="release" pubdate="20121204231430" resolver="public" artresolver="public" homepage="http://logback.qos.ch" downloaded="false" searched="false" default="false" conf="compile, master(*), runtime, compile(*), runtime(*), master" position="10">
				<license name="Eclipse Public License - v 1.0" url="http://www.eclipse.org/legal/epl-v10.html"/>
				<license name="GNU Lesser General Public License" url="http://www.gnu.org/licenses/old-licenses/lgpl-2.1.html"/>
				<metadata-artifact status="no" details="" size="9718" time="0" location="/Users/james/utils/pvm/install/2.1.0/framework/../repository/cache/ch.qos.logback/logback-core/ivy-1.0.9.xml" searched="false" origin-is-local="false" origin-location="http://repo1.maven.org/maven2/ch/qos/logback/logback-core/1.0.9/logback-core-1.0.9.pom"/>
				<caller organisation="org.reactivemongo" name="reactivemongo_2.10" conf="default, compile, runtime, master" rev="1.0.9" rev-constraint-default="1.0.9" rev-constraint-dynamic="1.0.9" callerrev="0.8"/>
				<caller organisation="ch.qos.logback" name="logback-classic" conf="compile, runtime" rev="1.0.9" rev-constraint-default="1.0.9" rev-constraint-dynamic="1.0.9" callerrev="1.0.9"/>
				<artifacts>
					<artifact name="logback-core" type="jar" ext="jar" status="no" details="" size="366462" time="0" location="/Users/james/utils/pvm/install/2.1.0/framework/../repository/cache/ch.qos.logback/logback-core/jars/logback-core-1.0.9.jar">
						<origin-location is-local="false" location="http://repo1.maven.org/maven2/ch/qos/logback/logback-core/1.0.9/logback-core-1.0.9.jar"/>
					</artifact>
				</artifacts>
			</revision>
		</module>
		<module organisation="org.specs2" name="specs2_2.10">
			<revision name="1.13" status="release" pubdate="20121220014856" resolver="local" artresolver="local" homepage="http://specs2.org/" downloaded="false" searched="false" default="false" conf="default(compile), default, compile, runtime, master" position="19">
				<license name="MIT-style" url="http://www.opensource.org/licenses/mit-license.php"/>
				<metadata-artifact status="no" details="" size="3565" time="0" location="/Users/james/utils/pvm/install/2.1.0/framework/../repository/cache/org.specs2/specs2_2.10/ivy-1.13.xml" searched="false" origin-is-local="true" origin-location="/Users/james/utils/pvm/install/2.1.0/repository/local/org.specs2/specs2_2.10/1.13/ivys/ivy.xml"/>
				<caller organisation="uk.gov.dfid.common" name="common_2.10" conf="test-internal, test, optional, compile, provided, runtime" rev="1.13" rev-constraint-default="1.13" rev-constraint-dynamic="1.13" callerrev="0.1-SNAPSHOT"/>
				<artifacts>
					<artifact name="specs2_2.10" type="jar" ext="jar" status="no" details="" size="6656378" time="0" location="/Users/james/utils/pvm/install/2.1.0/repository/local/org.specs2/specs2_2.10/1.13/jars/specs2_2.10.jar">
						<origin-location is-local="true" location="/Users/james/utils/pvm/install/2.1.0/repository/local/org.specs2/specs2_2.10/1.13/jars/specs2_2.10.jar"/>
					</artifact>
				</artifacts>
			</revision>
		</module>
		<module organisation="org.specs2" name="scalaz-concurrent_2.10">
			<revision name="7.0.0" status="release" pubdate="20121220000510" resolver="local" artresolver="local" homepage="http://specs2.org/" downloaded="false" searched="false" default="false" conf="compile, master(*), runtime, compile(*), runtime(*), master" position="21">
				<license name="MIT-style" url="http://www.opensource.org/licenses/mit-license.php"/>
				<metadata-artifact status="no" details="" size="2799" time="0" location="/Users/james/utils/pvm/install/2.1.0/framework/../repository/cache/org.specs2/scalaz-concurrent_2.10/ivy-7.0.0.xml" searched="false" origin-is-local="true" origin-location="/Users/james/utils/pvm/install/2.1.0/repository/local/org.specs2/scalaz-concurrent_2.10/7.0.0/ivys/ivy.xml"/>
				<caller organisation="org.specs2" name="specs2_2.10" conf="default, compile, runtime, master" rev="7.0.0" rev-constraint-default="7.0.0" rev-constraint-dynamic="7.0.0" callerrev="1.13"/>
				<artifacts>
					<artifact name="scalaz-concurrent_2.10" type="jar" ext="jar" status="no" details="" size="189253" time="0" location="/Users/james/utils/pvm/install/2.1.0/repository/local/org.specs2/scalaz-concurrent_2.10/7.0.0/jars/scalaz-concurrent_2.10.jar">
						<origin-location is-local="true" location="/Users/james/utils/pvm/install/2.1.0/repository/local/org.specs2/scalaz-concurrent_2.10/7.0.0/jars/scalaz-concurrent_2.10.jar"/>
					</artifact>
				</artifacts>
			</revision>
		</module>
		<module organisation="org.specs2" name="scalaz-effect_2.10">
			<revision name="7.0.0" status="release" pubdate="20121220000525" resolver="local" artresolver="local" homepage="http://specs2.org/" downloaded="false" searched="false" default="false" conf="compile, master(*), runtime, compile(*), runtime(*), master" position="22">
				<license name="MIT-style" url="http://www.opensource.org/licenses/mit-license.php"/>
				<metadata-artifact status="no" details="" size="2646" time="0" location="/Users/james/utils/pvm/install/2.1.0/framework/../repository/cache/org.specs2/scalaz-effect_2.10/ivy-7.0.0.xml" searched="false" origin-is-local="true" origin-location="/Users/james/utils/pvm/install/2.1.0/repository/local/org.specs2/scalaz-effect_2.10/7.0.0/ivys/ivy.xml"/>
				<caller organisation="org.specs2" name="scalaz-concurrent_2.10" conf="compile, runtime" rev="7.0.0" rev-constraint-default="7.0.0" rev-constraint-dynamic="7.0.0" callerrev="7.0.0"/>
				<artifacts>
					<artifact name="scalaz-effect_2.10" type="jar" ext="jar" status="no" details="" size="391773" time="0" location="/Users/james/utils/pvm/install/2.1.0/repository/local/org.specs2/scalaz-effect_2.10/7.0.0/jars/scalaz-effect_2.10.jar">
						<origin-location is-local="true" location="/Users/james/utils/pvm/install/2.1.0/repository/local/org.specs2/scalaz-effect_2.10/7.0.0/jars/scalaz-effect_2.10.jar"/>
					</artifact>
				</artifacts>
			</revision>
		</module>
		<module organisation="org.specs2" name="scalaz-core_2.10">
			<revision name="7.0.0" status="release" pubdate="20121220000704" resolver="local" artresolver="local" homepage="http://specs2.org/" downloaded="false" searched="false" default="false" conf="compile, master(*), runtime, compile(*), runtime(*), master" position="20">
				<license name="MIT-style" url="http://www.opensource.org/licenses/mit-license.php"/>
				<metadata-artifact status="no" details="" size="2501" time="0" location="/Users/james/utils/pvm/install/2.1.0/framework/../repository/cache/org.specs2/scalaz-core_2.10/ivy-7.0.0.xml" searched="false" origin-is-local="true" origin-location="/Users/james/utils/pvm/install/2.1.0/repository/local/org.specs2/scalaz-core_2.10/7.0.0/ivys/ivy.xml"/>
				<caller organisation="org.specs2" name="scalaz-concurrent_2.10" conf="compile, runtime" rev="7.0.0" rev-constraint-default="7.0.0" rev-constraint-dynamic="7.0.0" callerrev="7.0.0"/>
				<caller organisation="org.specs2" name="specs2_2.10" conf="default, compile, runtime, master" rev="7.0.0" rev-constraint-default="7.0.0" rev-constraint-dynamic="7.0.0" callerrev="1.13"/>
				<caller organisation="org.specs2" name="scalaz-effect_2.10" conf="compile, runtime" rev="7.0.0" rev-constraint-default="7.0.0" rev-constraint-dynamic="7.0.0" callerrev="7.0.0"/>
				<artifacts>
					<artifact name="scalaz-core_2.10" type="jar" ext="jar" status="no" details="" size="8897195" time="0" location="/Users/james/utils/pvm/install/2.1.0/repository/local/org.specs2/scalaz-core_2.10/7.0.0/jars/scalaz-core_2.10.jar">
						<origin-location is-local="true" location="/Users/james/utils/pvm/install/2.1.0/repository/local/org.specs2/scalaz-core_2.10/7.0.0/jars/scalaz-core_2.10.jar"/>
					</artifact>
				</artifacts>
			</revision>
		</module>
		<module organisation="play" name="play-iteratees_2.10">
			<revision name="2.1-RC2" status="release" pubdate="20130110121012" resolver="sbt-chain" artresolver="sbt-chain" homepage="" downloaded="false" searched="false" default="false" conf="compile, master(*), runtime, compile(*), runtime(*), master" position="5">
				<metadata-artifact status="no" details="" size="2935" time="0" location="/Users/james/utils/pvm/install/2.1.0/framework/../repository/cache/play/play-iteratees_2.10/ivy-2.1-RC2.xml" searched="false" origin-is-local="false" origin-location="http://repo.typesafe.com/typesafe/releases/play/play-iteratees_2.10/2.1-RC2/play-iteratees_2.10-2.1-RC2.pom"/>
				<caller organisation="org.reactivemongo" name="reactivemongo_2.10" conf="default, compile, runtime, master" rev="2.1-RC2" rev-constraint-default="2.1-RC2" rev-constraint-dynamic="2.1-RC2" callerrev="0.8"/>
				<artifacts>
					<artifact name="play-iteratees_2.10" type="jar" ext="jar" status="no" details="" size="640332" time="0" location="/Users/james/utils/pvm/install/2.1.0/framework/../repository/cache/play/play-iteratees_2.10/jars/play-iteratees_2.10-2.1-RC2.jar">
						<origin-location is-local="false" location="http://repo.typesafe.com/typesafe/releases/play/play-iteratees_2.10/2.1-RC2/play-iteratees_2.10-2.1-RC2.jar"/>
					</artifact>
				</artifacts>
			</revision>
		</module>
		<module organisation="com.github.scala-incubator.io" name="scala-io-file_2.10.0-RC1">
			<revision name="0.4.1" status="release" pubdate="20121017200558" resolver="public" artresolver="public" homepage="http://jesseeichar.github.com/scala-io-doc/index.html" downloaded="false" searched="false" default="false" conf="compile, master(*), runtime, compile(*), runtime(*), master" position="7">
				<license name="Scala License" url="http://www.scala-lang.org/node/146"/>
				<metadata-artifact status="no" details="" size="2979" time="0" location="/Users/james/utils/pvm/install/2.1.0/framework/../repository/cache/com.github.scala-incubator.io/scala-io-file_2.10.0-RC1/ivy-0.4.1.xml" searched="false" origin-is-local="false" origin-location="http://repo1.maven.org/maven2/com/github/scala-incubator/io/scala-io-file_2.10.0-RC1/0.4.1/scala-io-file_2.10.0-RC1-0.4.1.pom"/>
				<caller organisation="play" name="play-iteratees_2.10" conf="compile, runtime" rev="0.4.1" rev-constraint-default="0.4.1" rev-constraint-dynamic="0.4.1" callerrev="2.1-RC2"/>
				<artifacts>
					<artifact name="scala-io-file_2.10.0-RC1" type="jar" ext="jar" status="no" details="" size="388257" time="0" location="/Users/james/utils/pvm/install/2.1.0/framework/../repository/cache/com.github.scala-incubator.io/scala-io-file_2.10.0-RC1/jars/scala-io-file_2.10.0-RC1-0.4.1.jar">
						<origin-location is-local="false" location="http://repo1.maven.org/maven2/com/github/scala-incubator/io/scala-io-file_2.10.0-RC1/0.4.1/scala-io-file_2.10.0-RC1-0.4.1.jar"/>
					</artifact>
				</artifacts>
			</revision>
		</module>
		<module organisation="com.github.scala-incubator.io" name="scala-io-core_2.10.0-RC1">
			<revision name="0.4.1" status="release" pubdate="20121017200613" resolver="public" artresolver="public" homepage="http://jesseeichar.github.com/scala-io-doc/index.html" downloaded="false" searched="false" default="false" conf="compile, master(*), runtime, compile(*), runtime(*), master" position="8">
				<license name="Scala License" url="http://www.scala-lang.org/node/146"/>
				<metadata-artifact status="no" details="" size="3090" time="0" location="/Users/james/utils/pvm/install/2.1.0/framework/../repository/cache/com.github.scala-incubator.io/scala-io-core_2.10.0-RC1/ivy-0.4.1.xml" searched="false" origin-is-local="false" origin-location="http://repo1.maven.org/maven2/com/github/scala-incubator/io/scala-io-core_2.10.0-RC1/0.4.1/scala-io-core_2.10.0-RC1-0.4.1.pom"/>
				<caller organisation="com.github.scala-incubator.io" name="scala-io-file_2.10.0-RC1" conf="compile, runtime" rev="0.4.1" rev-constraint-default="0.4.1" rev-constraint-dynamic="0.4.1" callerrev="0.4.1"/>
				<artifacts>
					<artifact name="scala-io-core_2.10.0-RC1" type="jar" ext="jar" status="no" details="" size="1276658" time="0" location="/Users/james/utils/pvm/install/2.1.0/framework/../repository/cache/com.github.scala-incubator.io/scala-io-core_2.10.0-RC1/jars/scala-io-core_2.10.0-RC1-0.4.1.jar">
						<origin-location is-local="false" location="http://repo1.maven.org/maven2/com/github/scala-incubator/io/scala-io-core_2.10.0-RC1/0.4.1/scala-io-core_2.10.0-RC1-0.4.1.jar"/>
					</artifact>
				</artifacts>
			</revision>
		</module>
		<module organisation="com.jsuereth" name="scala-arm_2.10.0-RC1">
			<revision name="1.2" status="release" pubdate="20121012134254" resolver="public" artresolver="public" homepage="http://jsuereth.com/scala-arm" downloaded="false" searched="false" default="false" conf="compile, master(*), runtime, compile(*), runtime(*), master" position="9">
				<license name="BSD-style" url="http://www.opensource.org/licenses/bsd-license.php"/>
				<metadata-artifact status="no" details="" size="3000" time="0" location="/Users/james/utils/pvm/install/2.1.0/framework/../repository/cache/com.jsuereth/scala-arm_2.10.0-RC1/ivy-1.2.xml" searched="false" origin-is-local="false" origin-location="http://repo1.maven.org/maven2/com/jsuereth/scala-arm_2.10.0-RC1/1.2/scala-arm_2.10.0-RC1-1.2.pom"/>
				<caller organisation="com.github.scala-incubator.io" name="scala-io-core_2.10.0-RC1" conf="compile, runtime" rev="1.2" rev-constraint-default="1.2" rev-constraint-dynamic="1.2" callerrev="0.4.1"/>
				<artifacts>
					<artifact name="scala-arm_2.10.0-RC1" type="jar" ext="jar" status="no" details="" size="72364" time="0" location="/Users/james/utils/pvm/install/2.1.0/framework/../repository/cache/com.jsuereth/scala-arm_2.10.0-RC1/jars/scala-arm_2.10.0-RC1-1.2.jar">
						<origin-location is-local="false" location="http://repo1.maven.org/maven2/com/jsuereth/scala-arm_2.10.0-RC1/1.2/scala-arm_2.10.0-RC1-1.2.jar"/>
					</artifact>
				</artifacts>
			</revision>
		</module>
		<module organisation="org.scala-stm" name="scala-stm_2.10.0">
			<revision name="0.6" status="release" pubdate="20121220055611" resolver="local" artresolver="local" homepage="http://nbronson.github.com/scala-stm/" downloaded="false" searched="false" default="false" conf="compile, master(*), runtime, compile(*), runtime(*), master" position="6">
				<license name="BSD" url="https://github.com/nbronson/scala-stm/blob/master/LICENSE.txt"/>
				<metadata-artifact status="no" details="" size="2524" time="0" location="/Users/james/utils/pvm/install/2.1.0/framework/../repository/cache/org.scala-stm/scala-stm_2.10.0/ivy-0.6.xml" searched="false" origin-is-local="true" origin-location="/Users/james/utils/pvm/install/2.1.0/repository/local/org.scala-stm/scala-stm_2.10.0/0.6/ivys/ivy.xml"/>
				<caller organisation="play" name="play-iteratees_2.10" conf="compile, runtime" rev="0.6" rev-constraint-default="0.6" rev-constraint-dynamic="0.6" callerrev="2.1-RC2"/>
				<artifacts>
					<artifact name="scala-stm_2.10.0" type="jar" ext="jar" status="no" details="" size="609513" time="0" location="/Users/james/utils/pvm/install/2.1.0/repository/local/org.scala-stm/scala-stm_2.10.0/0.6/jars/scala-stm_2.10.0.jar">
						<origin-location is-local="true" location="/Users/james/utils/pvm/install/2.1.0/repository/local/org.scala-stm/scala-stm_2.10.0/0.6/jars/scala-stm_2.10.0.jar"/>
					</artifact>
				</artifacts>
			</revision>
		</module>
		<module organisation="com.typesafe.akka" name="akka-actor_2.10">
			<revision name="2.1.0" status="release" pubdate="20121222012239" resolver="local" artresolver="local" homepage="http://akka.io" downloaded="false" searched="false" default="false" conf="compile, master(*), runtime, compile(*), runtime(*), master" position="4">
				<license name="Apache 2" url="http://www.apache.org/licenses/LICENSE-2.0.txt"/>
				<metadata-artifact status="no" details="" size="2630" time="0" location="/Users/james/utils/pvm/install/2.1.0/framework/../repository/cache/com.typesafe.akka/akka-actor_2.10/ivy-2.1.0.xml" searched="false" origin-is-local="true" origin-location="/Users/james/utils/pvm/install/2.1.0/repository/local/com.typesafe.akka/akka-actor_2.10/2.1.0/ivys/ivy.xml"/>
				<caller organisation="org.reactivemongo" name="reactivemongo_2.10" conf="default, compile, runtime, master" rev="2.1.0" rev-constraint-default="2.1.0" rev-constraint-dynamic="2.1.0" callerrev="0.8"/>
				<artifacts>
					<artifact name="akka-actor_2.10" type="bundle" ext="jar" status="no" details="" size="1892369" time="0" location="/Users/james/utils/pvm/install/2.1.0/repository/local/com.typesafe.akka/akka-actor_2.10/2.1.0/bundles/akka-actor_2.10.jar">
						<origin-location is-local="true" location="/Users/james/utils/pvm/install/2.1.0/repository/local/com.typesafe.akka/akka-actor_2.10/2.1.0/bundles/akka-actor_2.10.jar"/>
					</artifact>
				</artifacts>
			</revision>
		</module>
		<module organisation="io.netty" name="netty">
			<revision name="3.3.1.Final" status="release" pubdate="20120204152535" resolver="public" artresolver="public" homepage="http://netty.io/" downloaded="false" searched="false" default="false" conf="compile, master(*), runtime, compile(*), runtime(*), master" position="3">
				<license name="Apache License, Version 2.0" url="http://www.apache.org/licenses/LICENSE-2.0"/>
				<metadata-artifact status="no" details="" size="5981" time="0" location="/Users/james/utils/pvm/install/2.1.0/framework/../repository/cache/io.netty/netty/ivy-3.3.1.Final.xml" searched="false" origin-is-local="false" origin-location="http://repo1.maven.org/maven2/io/netty/netty/3.3.1.Final/netty-3.3.1.Final.pom"/>
				<caller organisation="org.reactivemongo" name="reactivemongo_2.10" conf="default, compile, runtime, master" rev="3.3.1.Final" rev-constraint-default="3.3.1.Final" rev-constraint-dynamic="3.3.1.Final" callerrev="0.8"/>
				<artifacts>
					<artifact name="netty" type="bundle" ext="jar" status="no" details="" size="920379" time="0" location="/Users/james/utils/pvm/install/2.1.0/framework/../repository/cache/io.netty/netty/bundles/netty-3.3.1.Final.jar">
						<origin-location is-local="false" location="http://repo1.maven.org/maven2/io/netty/netty/3.3.1.Final/netty-3.3.1.Final.jar"/>
					</artifact>
				</artifacts>
			</revision>
		</module>
		<module organisation="com.typesafe" name="config">
			<revision name="1.0.0" status="release" pubdate="20121015020115" resolver="local" artresolver="local" homepage="https://github.com/typesafehub/config" downloaded="false" searched="false" default="false" conf="default(compile), default, compile, master(*), compile(*), runtime, runtime(*), master" position="1">
				<license name="Apache License, Version 2.0" url="http://www.apache.org/licenses/LICENSE-2.0"/>
				<metadata-artifact status="no" details="" size="2714" time="0" location="/Users/james/utils/pvm/install/2.1.0/framework/../repository/cache/com.typesafe/config/ivy-1.0.0.xml" searched="false" origin-is-local="true" origin-location="/Users/james/utils/pvm/install/2.1.0/repository/local/com.typesafe/config/1.0.0/ivys/ivy.xml"/>
				<caller organisation="uk.gov.dfid.common" name="common_2.10" conf="test-internal, test, optional, compile, provided, runtime" rev="1.0.0" rev-constraint-default="1.0.0" rev-constraint-dynamic="1.0.0" callerrev="0.1-SNAPSHOT"/>
				<caller organisation="com.typesafe.akka" name="akka-actor_2.10" conf="compile, runtime" rev="1.0.0" rev-constraint-default="1.0.0" rev-constraint-dynamic="1.0.0" callerrev="2.1.0"/>
				<caller organisation="play" name="play-iteratees_2.10" conf="compile, runtime" rev="1.0.0" rev-constraint-default="1.0.0" rev-constraint-dynamic="1.0.0" callerrev="2.1-RC2"/>
				<artifacts>
					<artifact name="config" type="bundle" ext="jar" status="no" details="" size="185676" time="0" location="/Users/james/utils/pvm/install/2.1.0/repository/local/com.typesafe/config/1.0.0/bundles/config.jar">
						<origin-location is-local="true" location="/Users/james/utils/pvm/install/2.1.0/repository/local/com.typesafe/config/1.0.0/bundles/config.jar"/>
					</artifact>
				</artifacts>
			</revision>
		</module>
		<module organisation="org.scala-lang" name="scala-library">
			<revision name="2.10.0" status="release" pubdate="20121219202916" resolver="local" artresolver="local" homepage="http://www.scala-lang.org/" downloaded="false" searched="false" default="false" conf="default(compile), default, compile, master(*), compile(*), runtime, runtime(*), master" position="0">
				<license name="BSD-like" url="http://www.scala-lang.org/downloads/license.html          "/>
				<metadata-artifact status="no" details="" size="2381" time="0" location="/Users/james/utils/pvm/install/2.1.0/framework/../repository/cache/org.scala-lang/scala-library/ivy-2.10.0.xml" searched="false" origin-is-local="true" origin-location="/Users/james/utils/pvm/install/2.1.0/repository/local/org.scala-lang/scala-library/2.10.0/ivys/ivy.xml"/>
				<caller organisation="org.specs2" name="scalaz-concurrent_2.10" conf="compile, runtime" rev="2.10.0" rev-constraint-default="2.10.0" rev-constraint-dynamic="2.10.0" callerrev="7.0.0"/>
				<caller organisation="org.reactivemongo" name="reactivemongo_2.10" conf="default, compile, runtime, master" rev="2.10.0" rev-constraint-default="2.10.0" rev-constraint-dynamic="2.10.0" callerrev="0.8"/>
				<caller organisation="org.specs2" name="scalaz-core_2.10" conf="compile, runtime" rev="2.10.0" rev-constraint-default="2.10.0" rev-constraint-dynamic="2.10.0" callerrev="7.0.0"/>
				<caller organisation="com.jsuereth" name="scala-arm_2.10.0-RC1" conf="compile, runtime" rev="2.10.0" rev-constraint-default="2.10.0" rev-constraint-dynamic="2.10.0-RC1" callerrev="1.2"/>
				<caller organisation="com.github.scala-incubator.io" name="scala-io-core_2.10.0-RC1" conf="compile, runtime" rev="2.10.0" rev-constraint-default="2.10.0" rev-constraint-dynamic="2.10.0-RC1" callerrev="0.4.1"/>
				<caller organisation="org.scala-stm" name="scala-stm_2.10.0" conf="compile, runtime" rev="2.10.0" rev-constraint-default="2.10.0" rev-constraint-dynamic="2.10.0" callerrev="0.6"/>
				<caller organisation="org.specs2" name="scalaz-effect_2.10" conf="compile, runtime" rev="2.10.0" rev-constraint-default="2.10.0" rev-constraint-dynamic="2.10.0" callerrev="7.0.0"/>
				<caller organisation="uk.gov.dfid.common" name="common_2.10" conf="test-internal, test, optional, compile, provided, runtime" rev="2.10.0" rev-constraint-default="2.10.0" rev-constraint-dynamic="2.10.0" callerrev="0.1-SNAPSHOT"/>
				<caller organisation="com.typesafe.akka" name="akka-actor_2.10" conf="compile, runtime" rev="2.10.0" rev-constraint-default="2.10.0" rev-constraint-dynamic="2.10.0" callerrev="2.1.0"/>
				<caller organisation="com.github.scala-incubator.io" name="scala-io-file_2.10.0-RC1" conf="compile, runtime" rev="2.10.0" rev-constraint-default="2.10.0" rev-constraint-dynamic="2.10.0-RC1" callerrev="0.4.1"/>
				<caller organisation="com.tzavellas" name="sse-guice" conf="default, compile, runtime, master" rev="2.10.0" rev-constraint-default="2.10.0" rev-constraint-dynamic="2.10.0-RC5" callerrev="0.7.0"/>
				<artifacts>
				</artifacts>
			</revision>
		</module>
	</dependencies>
</ivy-report>
